空氣污染防制法 Friday, May 02, 2025 02:41 PM
空氣污染防制法 Friday, May 02, 2025 02:41 PM
空氣污染防制法 Friday, May 02, 2025 02:41 PM
空氣污染防制法 Friday, May 02, 2025 02:41 PM
空氣污染防制法 Friday, May 02, 2025 02:41 PM
空氣污染防制法 Friday, May 02, 2025 02:41 PM
空氣污染防制法 Friday, May 02, 2025 02:41 PM
空氣污染防制法 Friday, May 02, 2025 02:50 PM
空氣污染防制法 Friday, May 02, 2025 02:50 PM
空氣污染防制法 Friday, May 02, 2025 02:50 PM
空氣污染防制法 Friday, May 02, 2025 02:51 PM
空氣污染防制法 Friday, May 02, 2025 02:51 PM
空氣污染防制法施行細則 Friday, May 02, 2025 02:51 PM
空氣污染防制法施行細則 Friday, May 02, 2025 02:51 PM
空氣污染防制法施行細則 Friday, May 02, 2025 02:51 PM
空氣污染防制法施行細則 Friday, May 02, 2025 02:51 PM
空氣污染防制法施行細則 Friday, May 02, 2025 02:53 PM
空氣污染防制法施行細則 Friday, May 02, 2025 02:53 PM
水污染防治法 Friday, May 02, 2025 02:53 PM
水污染防治法 Friday, May 02, 2025 02:53 PM
空氣污染防制法 Friday, May 02, 2025 02:53 PM
空氣污染防制法 Friday, May 02, 2025 02:54 PM
空氣污染防制法 Friday, May 02, 2025 02:57 PM
環境基本法 Friday, May 02, 2025 02:57 PM
一般廢棄物回收清除處理辦法 Friday, May 02, 2025 02:57 PM
廢棄物清理法 Friday, May 02, 2025 02:59 PM
