空氣污染防制法 Friday, May 02, 2025 09:53 AM
空氣污染防制法 Friday, May 02, 2025 09:53 AM
空氣污染防制法 Friday, May 02, 2025 09:53 AM
空氣污染防制法 Friday, May 02, 2025 09:53 AM
空氣污染防制法 Friday, May 02, 2025 09:53 AM
空氣污染防制法 Friday, May 02, 2025 10:19 AM
空氣污染防制法 Friday, May 02, 2025 10:19 AM
空氣污染防制法 Friday, May 02, 2025 10:22 AM
空氣污染防制法 Friday, May 02, 2025 10:22 AM
空氣污染防制法 Friday, May 02, 2025 10:22 AM
空氣污染防制法 Friday, May 02, 2025 10:23 AM
空氣污染防制法 Friday, May 02, 2025 10:23 AM
空氣污染防制法 Friday, May 02, 2025 10:23 AM
空氣污染防制法 Friday, May 02, 2025 10:23 AM
空氣污染防制法 Friday, May 02, 2025 10:25 AM
空氣污染防制法 Friday, May 02, 2025 10:26 AM
營造業購置自動化設備或技術及防治污染設備或技術適用投資抵減辦法 Friday, May 02, 2025 10:27 AM
空氣污染防制法 Friday, May 02, 2025 10:31 AM
空氣污染防制法 Friday, May 02, 2025 10:31 AM
營造業購置自動化設備或技術及防治污染設備或技術適用投資抵減辦法 Friday, May 02, 2025 10:36 AM
空氣污染防制法 Friday, May 02, 2025 10:41 AM
環境影響評估法 Friday, May 02, 2025 10:41 AM
政府政策環境影響評估作業辦法 Friday, May 02, 2025 10:41 AM
政府政策環境影響評估作業辦法 Friday, May 02, 2025 10:42 AM
政府政策環境影響評估作業辦法 Friday, May 02, 2025 10:44 AM
政府政策環境影響評估作業辦法 Friday, May 02, 2025 10:44 AM
海洋委員會海洋野生動物保育諮詢委員會設置辦法 Friday, May 02, 2025 10:44 AM
土壤及地下水污染整治場址環境影響與健康風險評估辦法 Friday, May 02, 2025 10:44 AM
政府政策環境影響評估作業辦法 Friday, May 02, 2025 10:44 AM
政府政策環境影響評估作業辦法 Friday, May 02, 2025 10:45 AM
政府政策環境影響評估作業辦法 Friday, May 02, 2025 10:46 AM
空氣污染防制法 Friday, May 02, 2025 10:46 AM
營造業購置自動化設備或技術及防治污染設備或技術適用投資抵減辦法 Friday, May 02, 2025 10:46 AM
空氣污染防制法 Friday, May 02, 2025 10:47 AM
空氣污染防制法 Friday, May 02, 2025 10:49 AM
空氣污染防制法 Friday, May 02, 2025 11:08 AM
空氣污染防制法 Friday, May 02, 2025 11:17 AM
固定污染源自行或委託檢測及申報管理辦法 Friday, May 02, 2025 11:45 AM
公私場所固定污染源違反空氣污染防制法應處罰鍰額度裁罰準則 Friday, May 02, 2025 11:47 AM
室內空氣品質管理法施行細則 Friday, May 02, 2025 11:47 AM
環境影響評估法 Friday, May 02, 2025 11:47 AM
政府政策環境影響評估作業辦法 Friday, May 02, 2025 11:47 AM
室內空氣品質標準 Friday, May 02, 2025 11:47 AM
公私場所固定污染源申請改善排放空氣污染物總量及濃度管理辦法 Friday, May 02, 2025 11:47 AM
室內空氣品質管理法 Friday, May 02, 2025 11:47 AM
室內空氣品質標準 Friday, May 02, 2025 11:47 AM
室內空氣品質標準 Friday, May 02, 2025 11:47 AM
室內空氣品質標準 Friday, May 02, 2025 11:47 AM
公私場所固定污染源申請改善排放空氣污染物總量及濃度管理辦法 Friday, May 02, 2025 11:47 AM
室內空氣品質管理法 Friday, May 02, 2025 11:47 AM
室內空氣品質標準 Friday, May 02, 2025 11:47 AM
室內空氣品質標準 Friday, May 02, 2025 11:48 AM
室內空氣品質標準 Friday, May 02, 2025 11:49 AM
室內空氣品質標準 Friday, May 02, 2025 11:49 AM
室內空氣品質標準 Friday, May 02, 2025 11:49 AM
室內空氣品質標準 Friday, May 02, 2025 11:49 AM
室內空氣品質標準 Friday, May 02, 2025 11:50 AM
室內空氣品質標準 Friday, May 02, 2025 11:50 AM
室內空氣品質標準 Friday, May 02, 2025 11:50 AM
室內空氣品質標準 Friday, May 02, 2025 11:50 AM
室內空氣品質標準 Friday, May 02, 2025 11:50 AM
室內空氣品質標準 Friday, May 02, 2025 11:50 AM
室內空氣品質標準 Friday, May 02, 2025 11:51 AM
室內空氣品質標準 Friday, May 02, 2025 11:51 AM
室內空氣品質標準 Friday, May 02, 2025 11:52 AM
室內空氣品質標準 Friday, May 02, 2025 11:52 AM
室內空氣品質標準 Friday, May 02, 2025 11:53 AM
室內空氣品質標準 Friday, May 02, 2025 11:53 AM
室內空氣品質標準 Friday, May 02, 2025 11:53 AM
室內空氣品質標準 Friday, May 02, 2025 11:53 AM
室內空氣品質標準 Friday, May 02, 2025 11:53 AM
室內空氣品質標準 Friday, May 02, 2025 11:53 AM
室內空氣品質標準 Friday, May 02, 2025 11:53 AM
室內空氣品質標準 Friday, May 02, 2025 11:55 AM
室內空氣品質標準 Friday, May 02, 2025 11:55 AM
室內空氣品質標準 Friday, May 02, 2025 11:56 AM
室內空氣品質標準 Friday, May 02, 2025 11:56 AM
公私場所固定污染源申請改善排放空氣污染物總量及濃度管理辦法 Friday, May 02, 2025 11:56 AM
室內空氣品質標準 Friday, May 02, 2025 11:57 AM
室內空氣品質標準 Friday, May 02, 2025 11:57 AM
室內空氣品質標準 Friday, May 02, 2025 11:58 AM
室內空氣品質標準 Friday, May 02, 2025 11:58 AM
室內空氣品質標準 Friday, May 02, 2025 11:59 AM
室內空氣品質標準 Friday, May 02, 2025 12:00 PM
公私場所固定污染源申請改善排放空氣污染物總量及濃度管理辦法 Friday, May 02, 2025 12:05 PM
空氣污染防制法施行細則 Friday, May 02, 2025 12:08 PM
